data/src/build/intermediates/manifest_merge_blame_file/debug/processDebugManifest/manifest-merger-blame-debug-report.txt
1<?xml version="1.0" encoding="utf-8"?>
2<manifest xmlns:android="http://schemas.android.com/apk/res/android"
3    package="com.tyom.model" >
4
5    <uses-sdk android:minSdkVersion="24" />
6
7    <uses-permission android:name="android.permission.BLUETOOTH" />
7-->src/main/AndroidManifest.xml:3:5-68
7-->src/main/AndroidManifest.xml:3:22-65
8    <uses-permission android:name="android.permission.BLUETOOTH_ADMIN" />
8-->src/main/AndroidManifest.xml:4:5-74
8-->src/main/AndroidManifest.xml:4:22-71
9    <uses-permission android:name="android.permission.BLUETOOTH_SCAN" />
9-->src/main/AndroidManifest.xml:5:5-73
9-->src/main/AndroidManifest.xml:5:22-70
10    <uses-permission android:name="android.permission.BLUETOOTH_CONNECT" />
10-->src/main/AndroidManifest.xml:6:5-76
10-->src/main/AndroidManifest.xml:6:22-73
11    <uses-permission android:name="android.permission.ACCESS_FINE_LOCATION" />
11-->src/main/AndroidManifest.xml:7:5-79
11-->src/main/AndroidManifest.xml:7:22-76
12    <uses-permission android:name="android.permission.ACCESS_BACKGROUND_LOCATION" />
12-->src/main/AndroidManifest.xml:8:5-85
12-->src/main/AndroidManifest.xml:8:22-82
13    <uses-permission android:name="android.permission.BLUETOOTH_ADVERTISE" />
13-->src/main/AndroidManifest.xml:9:5-77
13-->src/main/AndroidManifest.xml:9:22-75
14    <uses-permission android:name="android.permission.READ_EXTERNAL_STORAGE" />
14-->src/main/AndroidManifest.xml:11:5-79
14-->src/main/AndroidManifest.xml:11:22-77
15    <uses-permission android:name="android.permission.WRITE_EXTERNAL_STORAGE" />
15-->src/main/AndroidManifest.xml:12:5-80
15-->src/main/AndroidManifest.xml:12:22-78
16    <uses-permission android:name="android.permission.FOREGROUND_SERVICE" />
16-->src/main/AndroidManifest.xml:13:5-76
16-->src/main/AndroidManifest.xml:13:22-74
17\    
18    <uses-feature
18-->src/main/AndroidManifest.xml:14:6-82
19        android:name="android.software.midi"
19-->src/main/AndroidManifest.xml:14:20-56
20        android:required="true" />
20-->src/main/AndroidManifest.xml:14:57-80
21
22</manifest>